[10-May-2025 01:33:30 UTC] PHP Fatal error:  Allowed memory size of 268435456 bytes exhausted (tried to allocate 32768 bytes) in C:\Users\Toshiba Satellite\dpharmasolution\storage\framework\views\731285f2797e587d08a71e7760a07270.php on line 1
[10-May-2025 01:33:57 UTC] PHP Fatal error:  Allowed memory size of 268435456 bytes exhausted (tried to allocate 16384 bytes) in C:\Users\Toshiba Satellite\dpharmasolution\vendor\laravel\framework\src\Illuminate\View\Engines\PhpEngine.php on line 51
[10-May-2025 01:37:58 UTC] PHP Fatal error:  Maximum execution time of 60 seconds exceeded in C:\Users\Toshiba Satellite\dpharmasolution\vendor\laravel\framework\src\Illuminate\Filesystem\Filesystem.php on line 493
[10-May-2025 01:46:06 UTC] PHP Fatal error:  Maximum execution time of 60 seconds exceeded in C:\Users\Toshiba Satellite\dpharmasolution\vendor\laravel\framework\src\Illuminate\Filesystem\Filesystem.php on line 493
[10-May-2025 13:53:46 UTC] PHP Fatal error:  Maximum execution time of 60 seconds exceeded in C:\Users\Toshiba Satellite\dpharmasolution\vendor\laravel\framework\src\Illuminate\Filesystem\Filesystem.php on line 29
[10-May-2025 13:56:42 UTC] PHP Fatal error:  Maximum execution time of 60 seconds exceeded in C:\Users\Toshiba Satellite\dpharmasolution\vendor\laravel\framework\src\Illuminate\View\View.php on line 189
[10-May-2025 13:58:00 UTC] PHP Fatal error:  Maximum execution time of 60 seconds exceeded in C:\Users\Toshiba Satellite\dpharmasolution\vendor\laravel\framework\src\Illuminate\Filesystem\Filesystem.php on line 29
[10-May-2025 14:13:10 UTC] PHP Fatal error:  Maximum execution time of 60 seconds exceeded in C:\Users\Toshiba Satellite\dpharmasolution\vendor\laravel\framework\src\Illuminate\Filesystem\Filesystem.php on line 493
[10-May-2025 14:17:56 UTC] PHP Fatal error:  Maximum execution time of 60 seconds exceeded in C:\Users\Toshiba Satellite\dpharmasolution\vendor\laravel\framework\src\Illuminate\Filesystem\Filesystem.php on line 493
[10-May-2025 14:33:10 UTC] PHP Fatal error:  Maximum execution time of 60 seconds exceeded in C:\Users\Toshiba Satellite\dpharmasolution\vendor\laravel\framework\src\Illuminate\Filesystem\Filesystem.php on line 493
[10-May-2025 14:44:31 UTC] PHP Fatal error:  Maximum execution time of 60 seconds exceeded in C:\Users\Toshiba Satellite\dpharmasolution\vendor\laravel\framework\src\Illuminate\Filesystem\Filesystem.php on line 493
[10-May-2025 14:57:48 UTC] PHP Fatal error:  Maximum execution time of 60 seconds exceeded in C:\Users\Toshiba Satellite\dpharmasolution\vendor\laravel\framework\src\Illuminate\Filesystem\Filesystem.php on line 493
[10-May-2025 15:12:01 UTC] PHP Fatal error:  Maximum execution time of 60 seconds exceeded in C:\Users\Toshiba Satellite\dpharmasolution\vendor\laravel\framework\src\Illuminate\Filesystem\Filesystem.php on line 493
[10-May-2025 15:32:35 UTC] PHP Fatal error:  Maximum execution time of 60 seconds exceeded in C:\Users\Toshiba Satellite\dpharmasolution\vendor\laravel\framework\src\Illuminate\Filesystem\Filesystem.php on line 493
[10-May-2025 15:41:40 UTC] PHP Fatal error:  Maximum execution time of 60 seconds exceeded in C:\Users\Toshiba Satellite\dpharmasolution\vendor\laravel\framework\src\Illuminate\View\Engines\PhpEngine.php on line 49
[10-May-2025 15:48:39 UTC] PHP Fatal error:  Maximum execution time of 60 seconds exceeded in C:\Users\Toshiba Satellite\dpharmasolution\vendor\laravel\framework\src\Illuminate\Filesystem\Filesystem.php on line 493
[11-May-2025 01:28:27 UTC] PHP Fatal error:  Maximum execution time of 60 seconds exceeded in C:\Users\Toshiba Satellite\dpharmasolution\vendor\laravel\framework\src\Illuminate\Filesystem\Filesystem.php on line 29
[11-May-2025 01:37:22 UTC] PHP Fatal error:  Maximum execution time of 60 seconds exceeded in C:\Users\Toshiba Satellite\dpharmasolution\vendor\laravel\framework\src\Illuminate\Filesystem\Filesystem.php on line 29
[15-May-2025 00:02:36 Asia/Manila] PHP Warning:  Uncaught PDOException: SQLSTATE[HY000]: General error: 2006 MySQL server has gone away in C:\Users\Toshiba Satellite\dpharmasolution\vendor\laravel\framework\src\Illuminate\Database\Connection.php:593
Stack trace:
#0 C:\Users\Toshiba Satellite\dpharmasolution\vendor\laravel\framework\src\Illuminate\Database\Connection.php(593): PDOStatement->execute()
#1 C:\Users\Toshiba Satellite\dpharmasolution\vendor\laravel\framework\src\Illuminate\Database\Connection.php(809): Illuminate\Database\Connection->Illuminate\Database\{closure}('update `prescri...', Array)
#2 C:\Users\Toshiba Satellite\dpharmasolution\vendor\laravel\framework\src\Illuminate\Database\Connection.php(776): Illuminate\Database\Connection->runQueryCallback('update `prescri...', Array, Object(Closure))
#3 C:\Users\Toshiba Satellite\dpharmasolution\vendor\laravel\framework\src\Illuminate\Database\Connection.php(581): Illuminate\Database\Connection->run('update `prescri...', Array, Object(Closure))
#4 C:\Users\Toshiba Satellite\dpharmasolution\vendor\laravel\framework\src\Illuminate\Database\Connection.php(533): Illuminate\Database\Connection->affectingStatement('update `prescri...', Array)
#5 C:\Users\Toshiba Satellite\dpharmasolution\vendor\laravel\framework\src\Illuminate\Database\Query\Builder.php(3843): Illuminate\Database\Connection->update('update `prescri...', Array)
#6 C:\Users\Toshiba Satellite\dpharmasolution\vendor\laravel\framework\src\Illuminate\Database\Eloquent\Builder.php(1235): Illuminate\Database\Query\Builder->update(Object(Illuminate\Support\Collection))
#7 C:\Users\Toshiba Satellite\dpharmasolution\vendor\laravel\framework\src\Illuminate\Database\Eloquent\Model.php(1288): Illuminate\Database\Eloquent\Builder->update(Array)
#8 C:\Users\Toshiba Satellite\dpharmasolution\vendor\laravel\framework\src\Illuminate\Database\Eloquent\Model.php(1205): Illuminate\Database\Eloquent\Model->performUpdate(Object(Illuminate\Database\Eloquent\Builder))
#9 C:\Users\Toshiba Satellite\dpharmasolution\app\Http\Controllers\PrescriptionController.php(99): Illuminate\Database\Eloquent\Model->save()
#10 C:\Users\Toshiba Satellite\dpharmasolution\vendor\laravel\framework\src\Illuminate\Routing\Controller.php(54): App\Http\Controllers\PrescriptionController->updateStatus(Object(Illuminate\Http\Request), '1')
#11 C:\Users\Toshiba Satellite\dpharmasolution\vendor\laravel\framework\src\Illuminate\Routing\ControllerDispatcher.php(43): Illuminate\Routing\Controller->callAction('updateStatus', Array)
#12 C:\Users\Toshiba Satellite\dpharmasolution\vendor\laravel\framework\src\Illuminate\Routing\Route.php(265): Illuminate\Routing\ControllerDispatcher->dispatch(Object(Illuminate\Routing\Route), Object(App\Http\Controllers\PrescriptionController), 'updateStatus')
#13 C:\Users\Toshiba Satellite\dpharmasolution\vendor\laravel\framework\src\Illuminate\Routing\Route.php(211): Illuminate\Routing\Route->runController()
#14 C:\Users\Toshiba Satellite\dpharmasolution\vendor\laravel\framework\src\Illuminate\Routing\Router.php(808): Illuminate\Routing\Route->run()
#15 C:\Users\Toshiba Satellite\dpharmasolution\vendor\laravel\framework\src\Illuminate\Pipeline\Pipeline.php(169): Illuminate\Routing\Router->Illuminate\Routing\{closure}(Object(Illuminate\Http\Request))
#16 C:\Users\Toshiba Satellite\dpharmasolution\vendor\laravel\framework\src\Illuminate\Routing\Middleware\SubstituteBindings.php(50): Illuminate\Pipeline\Pipeline->Illuminate\Pipeline\{closure}(Object(Illuminate\Http\Request))
#17 C:\Users\Toshiba Satellite\dpharmasolution\vendor\laravel\framework\src\Illuminate\Pipeline\Pipeline.php(208): Illuminate\Routing\Middleware\SubstituteBindings->handle(Object(Illuminate\Http\Request), Object(Closure))
#18 C:\Users\Toshiba Satellite\dpharmasolution\vendor\laravel\framework\src\Illuminate\Foundation\Http\Middleware\VerifyCsrfToken.php(87): Illuminate\Pipeline\Pipeline->Illuminate\Pipeline\{closure}(Object(Illuminate\Http\Request))
#19 C:\Users\Toshiba Satellite\dpharmasolution\vendor\laravel\framework\src\Illuminate\Pipeline\Pipeline.php(208): Illuminate\Foundation\Http\Middleware\VerifyCsrfToken->handle(Object(Illuminate\Http\Request), Object(Closure))
#20 C:\Users\Toshiba Satellite\dpharmasolution\vendor\laravel\framework\src\Illuminate\View\Middleware\ShareErrorsFromSession.php(48): Illuminate\Pipeline\Pipeline->Illuminate\Pipeline\{closure}(Object(Illuminate\Http\Request))
#21 C:\Users\Toshiba Satellite\dpharmasolution\vendor\laravel\framework\src\Illuminate\Pipeline\Pipeline.php(208): Illuminate\View\Middleware\ShareErrorsFromSession->handle(Object(Illuminate\Http\Request), Object(Closure))
#22 C:\Users\Toshiba Satellite\dpharmasolution\vendor\laravel\framework\src\Illuminate\Session\Middleware\StartSession.php(120): Illuminate\Pipeline\Pipeline->Illuminate\Pipeline\{closure}(Object(Illuminate\Http\Request))
#23 C:\Users\Toshiba Satellite\dpharmasolution\vendor\laravel\framework\src\Illuminate\Session\Middleware\StartSession.php(63): Illuminate\Session\Middleware\StartSession->handleStatefulRequest(Object(Illuminate\Http\Request), Object(Illuminate\Session\Store), Object(Closure))
#24 C:\Users\Toshiba Satellite\dpharmasolution\vendor\laravel\framework\src\Illuminate\Pipeline\Pipeline.php(208): Illuminate\Session\Middleware\StartSession->handle(Object(Illuminate\Http\Request), Object(Closure))
#25 C:\Users\Toshiba Satellite\dpharmasolution\vendor\laravel\framework\src\Illuminate\Cookie\Middleware\AddQueuedCookiesToResponse.php(36): Illuminate\Pipeline\Pipeline->Illuminate\Pipeline\{closure}(Object(Illuminate\Http\Request))
#26 C:\Users\Toshiba Satellite\dpharmasolution\vendor\laravel\framework\src\Illuminate\Pipeline\Pipeline.php(208): Illuminate\Cookie\Middleware\AddQueuedCookiesToResponse->handle(Object(Illuminate\Http\Request), Object(Closure))
#27 C:\Users\Toshiba Satellite\dpharmasolution\vendor\laravel\framework\src\Illuminate\Cookie\Middleware\EncryptCookies.php(74): Illuminate\Pipeline\Pipeline->Illuminate\Pipeline\{closure}(Object(Illuminate\Http\Request))
#28 C:\Users\Toshiba Satellite\dpharmasolution\vendor\laravel\framework\src\Illuminate\Pipeline\Pipeline.php(208): Illuminate\Cookie\Middleware\EncryptCookies->handle(Object(Illuminate\Http\Request), Object(Closure))
#29 C:\Users\Toshiba Satellite\dpharmasolution\vendor\laravel\framework\src\Illuminate\Pipeline\Pipeline.php(126): Illuminate\Pipeline\Pipeline->Illuminate\Pipeline\{closure}(Object(Illuminate\Http\Request))
#30 C:\Users\Toshiba Satellite\dpharmasolution\vendor\laravel\framework\src\Illuminate\Routing\Router.php(807): Illuminate\Pipeline\Pipeline->then(Object(Closure))
#31 C:\Users\Toshiba Satellite\dpharmasolution\vendor\laravel\framework\src\Illuminate\Routing\Router.php(786): Illuminate\Routing\Router->runRouteWithinStack(Object(Illuminate\Routing\Route), Object(Illuminate\Http\Request))
#32 C:\Users\Toshiba Satellite\dpharmasolution\vendor\laravel\framework\src\Illuminate\Routing\Router.php(750): Illuminate\Routing\Router->runRoute(Object(Illuminate\Http\Request), Object(Illuminate\Routing\Route))
#33 C:\Users\Toshiba Satellite\dpharmasolution\vendor\laravel\framework\src\Illuminate\Routing\Router.php(739): Illuminate\Routing\Router->dispatchToRoute(Object(Illuminate\Http\Request))
#34 C:\Users\Toshiba Satellite\dpharmasolution\vendor\laravel\framework\src\Illuminate\Foundation\Http\Kernel.php(200): Illuminate\Routing\Router->dispatch(Object(Illuminate\Http\Request))
#35 C:\Users\Toshiba Satellite\dpharmasolution\vendor\laravel\framework\src\Illuminate\Pipeline\Pipeline.php(169): Illuminate\Foundation\Http\Kernel->Illuminate\Foundation\Http\{closure}(Object(Illuminate\Http\Request))
#36 C:\Users\Toshiba Satellite\dpharmasolution\vendor\laravel\framework\src\Illuminate\Foundation\Http\Middleware\TransformsRequest.php(21): Illuminate\Pipeline\Pipeline->Illuminate\Pipeline\{closure}(Object(Illuminate\Http\Request))
#37 C:\Users\Toshiba Satellite\dpharmasolution\vendor\laravel\framework\src\Illuminate\Foundation\Http\Middleware\ConvertEmptyStringsToNull.php(31): Illuminate\Foundation\Http\Middleware\TransformsRequest->handle(Object(Illuminate\Http\Request), Object(Closure))
#38 C:\Users\Toshiba Satellite\dpharmasolution\vendor\laravel\framework\src\Illuminate\Pipeline\Pipeline.php(208): Illuminate\Foundation\Http\Middleware\ConvertEmptyStringsToNull->handle(Object(Illuminate\Http\Request), Object(Closure))
#39 C:\Users\Toshiba Satellite\dpharmasolution\vendor\laravel\framework\src\Illuminate\Foundation\Http\Middleware\TransformsRequest.php(21): Illuminate\Pipeline\Pipeline->Illuminate\Pipeline\{closure}(Object(Illuminate\Http\Request))
#40 C:\Users\Toshiba Satellite\dpharmasolution\vendor\laravel\framework\src\Illuminate\Foundation\Http\Middleware\TrimStrings.php(51): Illuminate\Foundation\Http\Middleware\TransformsRequest->handle(Object(Illuminate\Http\Request), Object(Closure))
#41 C:\Users\Toshiba Satellite\dpharmasolution\vendor\laravel\framework\src\Illuminate\Pipeline\Pipeline.php(208): Illuminate\Foundation\Http\Middleware\TrimStrings->handle(Object(Illuminate\Http\Request), Object(Closure))
#42 C:\Users\Toshiba Satellite\dpharmasolution\vendor\laravel\framework\src\Illuminate\Http\Middleware\ValidatePostSize.php(27): Illuminate\Pipeline\Pipeline->Illuminate\Pipeline\{closure}(Object(Illuminate\Http\Request))
#43 C:\Users\Toshiba Satellite\dpharmasolution\vendor\laravel\framework\src\Illuminate\Pipeline\Pipeline.php(208): Illuminate\Http\Middleware\ValidatePostSize->handle(Object(Illuminate\Http\Request), Object(Closure))
#44 C:\Users\Toshiba Satellite\dpharmasolution\vendor\laravel\framework\src\Illuminate\Foundation\Http\Middleware\PreventRequestsDuringMaintenance.php(109): Illuminate\Pipeline\Pipeline->Illuminate\Pipeline\{closure}(Object(Illuminate\Http\Request))
#45 C:\Users\Toshiba Satellite\dpharmasolution\vendor\laravel\framework\src\Illuminate\Pipeline\Pipeline.php(208): Illuminate\Foundation\Http\Middleware\PreventRequestsDuringMaintenance->handle(Object(Illuminate\Http\Request), Object(Closure))
#46 C:\Users\Toshiba Satellite\dpharmasolution\vendor\laravel\framework\src\Illuminate\Http\Middleware\HandleCors.php(48): Illuminate\Pipeline\Pipeline->Illuminate\Pipeline\{closure}(Object(Illuminate\Http\Request))
#47 C:\Users\Toshiba Satellite\dpharmasolution\vendor\laravel\framework\src\Illuminate\Pipeline\Pipeline.php(208): Illuminate\Http\Middleware\HandleCors->handle(Object(Illuminate\Http\Request), Object(Closure))
#48 C:\Users\Toshiba Satellite\dpharmasolution\vendor\laravel\framework\src\Illuminate\Http\Middleware\TrustProxies.php(58): Illuminate\Pipeline\Pipeline->Illuminate\Pipeline\{closure}(Object(Illuminate\Http\Request))
#49 C:\Users\Toshiba Satellite\dpharmasolution\vendor\laravel\framework\src\Illuminate\Pipeline\Pipeline.php(208): Illuminate\Http\Middleware\TrustProxies->handle(Object(Illuminate\Http\Request), Object(Closure))
#50 C:\Users\Toshiba Satellite\dpharmasolution\vendor\laravel\framework\src\Illuminate\Foundation\Http\Middleware\InvokeDeferredCallbacks.php(22): Illuminate\Pipeline\Pipeline->Illuminate\Pipeline\{closure}(Object(Illuminate\Http\Request))
#51 C:\Users\Toshiba Satellite\dpharmasolution\vendor\laravel\framework\src\Illuminate\Pipeline\Pipeline.php(208): Illuminate\Foundation\Http\Middleware\InvokeDeferredCallbacks->handle(Object(Illuminate\Http\Request), Object(Closure))
#52 C:\Users\Toshiba Satellite\dpharmasolution\vendor\laravel\framework\src\Illuminate\Http\Middleware\ValidatePathEncoding.php(26): Illuminate\Pipeline\Pipeline->Illuminate\Pipeline\{closure}(Object(Illuminate\Http\Request))
#53 C:\Users\Toshiba Satellite\dpharmasolution\vendor\laravel\framework\src\Illuminate\Pipeline\Pipeline.php(208): Illuminate\Http\Middleware\ValidatePathEncoding->handle(Object(Illuminate\Http\Request), Object(Closure))
#54 C:\Users\Toshiba Satellite\dpharmasolution\vendor\laravel\framework\src\Illuminate\Pipeline\Pipeline.php(126): Illuminate\Pipeline\Pipeline->Illuminate\Pipeline\{closure}(Object(Illuminate\Http\Request))
#55 C:\Users\Toshiba Satellite\dpharmasolution\vendor\laravel\framework\src\Illuminate\Foundation\Http\Kernel.php(175): Illuminate\Pipeline\Pipeline->then(Object(Closure))
#56 C:\Users\Toshiba Satellite\dpharmasolution\vendor\laravel\framework\src\Illuminate\Foundation\Http\Kernel.php(144): Illuminate\Foundation\Http\Kernel->sendRequestThroughRouter(Object(Illuminate\Http\Request))
#57 C:\Users\Toshiba Satellite\dpharmasolution\vendor\laravel\framework\src\Illuminate\Foundation\Application.php(1219): Illuminate\Foundation\Http\Kernel->handle(Object(Illuminate\Http\Request))
#58 C:\Users\Toshiba Satellite\dpharmasolution\public\index.php(20): Illuminate\Foundation\Application->handleRequest(Object(Illuminate\Http\Request))
#59 {main}
  thrown in C:\Users\Toshiba Satellite\dpharmasolution\vendor\laravel\framework\src\Illuminate\Database\Connection.php on line 593
[15-May-2025 00:02:36 Asia/Manila] PHP Fatal error:  Maximum execution time of 60 seconds exceeded in C:\Users\Toshiba Satellite\dpharmasolution\vendor\laravel\framework\src\Illuminate\Database\Connection.php on line 809
[17-May-2025 00:01:51 Asia/Manila] PHP Fatal error:  Maximum execution time of 60 seconds exceeded in C:\Users\Toshiba Satellite\dpharmasolution\vendor\laravel\framework\src\Illuminate\Database\Connectors\Connector.php on line 66
[25-May-2025 11:54:24 Asia/Manila] PHP Fatal error:  Cannot declare class App\Http\Controllers\Admin\AdminOrderController, because the name is already in use in C:\Users\Toshiba Satellite\dpharmasolution\app\Http\Controllers\AdminOrderController.php on line 13
[27-May-2025 15:09:37 Asia/Manila] PHP Fatal error:  Cannot redeclare App\Http\Controllers\ClientUpload::showUploadForm() in C:\Users\Toshiba Satellite\dpharmasolution\app\Http\Controllers\ClientUpload.php on line 83
[27-May-2025 15:10:02 Asia/Manila] PHP Fatal error:  Cannot redeclare App\Http\Controllers\ClientUpload::showUploadForm() in C:\Users\Toshiba Satellite\dpharmasolution\app\Http\Controllers\ClientUpload.php on line 83
[17-Jul-2025 19:12:16 Asia/Manila] PHP Fatal error:  Maximum execution time of 60 seconds exceeded in C:\Users\Toshiba Satellite\dpharmasolution\vendor\laravel\framework\src\Illuminate\Database\Connectors\Connector.php on line 66
[21-Aug-2025 10:20:45 Asia/Manila] PHP Fatal error:  Cannot declare class App\Models\Product, because the name is already in use in C:\Users\Toshiba Satellite\dpharmasolution\app\Models\ProductBatch.php on line 174
[21-Aug-2025 10:21:06 Asia/Manila] PHP Fatal error:  Cannot declare class App\Models\Product, because the name is already in use in C:\Users\Toshiba Satellite\dpharmasolution\app\Models\ProductBatch.php on line 174
[21-Aug-2025 10:23:21 Asia/Manila] PHP Fatal error:  Cannot declare class App\Models\Product, because the name is already in use in C:\Users\Toshiba Satellite\dpharmasolution\app\Models\ProductBatch.php on line 174
[25-Aug-2025 11:12:11 Asia/Manila] PHP Fatal error:  Maximum execution time of 60 seconds exceeded in C:\Users\Toshiba Satellite\dpharmasolution\vendor\laravel\framework\src\Illuminate\Database\Connection.php on line 589
[25-Aug-2025 11:16:47 Asia/Manila] PHP Fatal error:  Maximum execution time of 60 seconds exceeded in C:\Users\Toshiba Satellite\dpharmasolution\vendor\laravel\framework\src\Illuminate\Database\Eloquent\Concerns\HasAttributes.php on line 1864
[25-Aug-2025 11:19:44 Asia/Manila] PHP Fatal error:  Maximum execution time of 60 seconds exceeded in C:\Users\Toshiba Satellite\dpharmasolution\vendor\laravel\framework\src\Illuminate\Database\Connection.php on line 404
[25-Aug-2025 11:21:58 Asia/Manila] PHP Fatal error:  Maximum execution time of 60 seconds exceeded in C:\Users\Toshiba Satellite\dpharmasolution\vendor\laravel\framework\src\Illuminate\Database\Connection.php on line 589
[30-Aug-2025 23:40:40 Asia/Manila] PHP Fatal error:  Cannot declare class App\Models\ProductBatch, because the name is already in use in C:\Users\Toshiba Satellite\dpharmasolution\app\Models\PosTransaction.php on line 104
[30-Aug-2025 23:41:14 Asia/Manila] PHP Fatal error:  Cannot declare class App\Models\ProductBatch, because the name is already in use in C:\Users\Toshiba Satellite\dpharmasolution\app\Models\PosTransaction.php on line 104
[30-Aug-2025 23:46:38 Asia/Manila] PHP Fatal error:  Cannot declare class App\Models\ProductBatch, because the name is already in use in C:\Users\Toshiba Satellite\dpharmasolution\app\Models\PosTransaction.php on line 105
[15-Sep-2025 00:16:48 Asia/Manila] PHP Fatal error:  Cannot declare class App\Http\Controllers\Admin\CustomerChatController, because the name is already in use in C:\Users\Toshiba Satellite\dpharmasolution\app\Http\Controllers\CustomerChatController.php on line 14
[15-Sep-2025 00:16:48 Asia/Manila] PHP Fatal error:  Cannot declare class App\Http\Controllers\Admin\CustomerChatController, because the name is already in use in C:\Users\Toshiba Satellite\dpharmasolution\app\Http\Controllers\CustomerChatController.php on line 14
[15-Sep-2025 00:35:49 Asia/Manila] PHP Fatal error:  Cannot declare class App\Http\Controllers\Admin\CustomerChatController, because the name is already in use in C:\Users\Toshiba Satellite\dpharmasolution\app\Http\Controllers\CustomerChatController.php on line 13
[15-Sep-2025 00:35:49 Asia/Manila] PHP Fatal error:  Cannot declare class App\Http\Controllers\Admin\CustomerChatController, because the name is already in use in C:\Users\Toshiba Satellite\dpharmasolution\app\Http\Controllers\CustomerChatController.php on line 13
[15-Sep-2025 00:35:50 Asia/Manila] PHP Fatal error:  Cannot declare class App\Http\Controllers\Admin\CustomerChatController, because the name is already in use in C:\Users\Toshiba Satellite\dpharmasolution\app\Http\Controllers\CustomerChatController.php on line 13
[15-Sep-2025 00:36:19 Asia/Manila] PHP Fatal error:  Cannot declare class App\Http\Controllers\Admin\CustomerChatController, because the name is already in use in C:\Users\Toshiba Satellite\dpharmasolution\app\Http\Controllers\CustomerChatController.php on line 13
[15-Sep-2025 00:36:19 Asia/Manila] PHP Fatal error:  Cannot declare class App\Http\Controllers\Admin\CustomerChatController, because the name is already in use in C:\Users\Toshiba Satellite\dpharmasolution\app\Http\Controllers\CustomerChatController.php on line 13
[15-Sep-2025 00:36:49 Asia/Manila] PHP Fatal error:  Cannot declare class App\Http\Controllers\Admin\CustomerChatController, because the name is already in use in C:\Users\Toshiba Satellite\dpharmasolution\app\Http\Controllers\CustomerChatController.php on line 13
[15-Sep-2025 00:36:49 Asia/Manila] PHP Fatal error:  Cannot declare class App\Http\Controllers\Admin\CustomerChatController, because the name is already in use in C:\Users\Toshiba Satellite\dpharmasolution\app\Http\Controllers\CustomerChatController.php on line 13
[15-Sep-2025 00:37:19 Asia/Manila] PHP Fatal error:  Cannot declare class App\Http\Controllers\Admin\CustomerChatController, because the name is already in use in C:\Users\Toshiba Satellite\dpharmasolution\app\Http\Controllers\CustomerChatController.php on line 13
[15-Sep-2025 00:37:19 Asia/Manila] PHP Fatal error:  Cannot declare class App\Http\Controllers\Admin\CustomerChatController, because the name is already in use in C:\Users\Toshiba Satellite\dpharmasolution\app\Http\Controllers\CustomerChatController.php on line 13
[15-Sep-2025 00:37:49 Asia/Manila] PHP Fatal error:  Cannot declare class App\Http\Controllers\Admin\CustomerChatController, because the name is already in use in C:\Users\Toshiba Satellite\dpharmasolution\app\Http\Controllers\CustomerChatController.php on line 13
[15-Sep-2025 00:37:49 Asia/Manila] PHP Fatal error:  Cannot declare class App\Http\Controllers\Admin\CustomerChatController, because the name is already in use in C:\Users\Toshiba Satellite\dpharmasolution\app\Http\Controllers\CustomerChatController.php on line 13
[15-Sep-2025 00:38:19 Asia/Manila] PHP Fatal error:  Cannot declare class App\Http\Controllers\Admin\CustomerChatController, because the name is already in use in C:\Users\Toshiba Satellite\dpharmasolution\app\Http\Controllers\CustomerChatController.php on line 13
[15-Sep-2025 00:38:19 Asia/Manila] PHP Fatal error:  Cannot declare class App\Http\Controllers\Admin\CustomerChatController, because the name is already in use in C:\Users\Toshiba Satellite\dpharmasolution\app\Http\Controllers\CustomerChatController.php on line 13
[04-Oct-2025 22:20:59 Asia/Manila] PHP Fatal error:  Cannot redeclare App\Http\Controllers\ClientUpload::showQrCode() in C:\Users\Toshiba Satellite\dpharmasolution\app\Http\Controllers\ClientUpload.php on line 518
[06-Oct-2025 14:41:09 Asia/Manila] PHP Fatal error:  Maximum execution time of 60 seconds exceeded in C:\Users\Toshiba Satellite\dpharmasolution\vendor\composer\ClassLoader.php on line 429
